Using pre-set license
Built from '2020.3/staging' branch; Version is '2020.3.3f1 (76626098c1c4) revision 7758432'; Using compiler version '192528614'; Build Type 'Release'
OS: 'Windows 10 Home; OS build 19041.985; Version 2004; 64bit' Language: 'de' Physical Memory: 16169 MB
BatchMode: 1, IsHumanControllingUs: 0, StartBugReporterOnCrash: 0, Is64bit: 1, IsPro: 0

 COMMAND LINE ARGUMENTS:
C:\Program Files\Unity\Hub\Editor\2020.3.3f1\Editor\Unity.exe
-adb2
-batchMode
-noUpm
-name
AssetImportWorker0
-projectPath
C:/Repos/GPA4300/GPA4300_S2
-logFile
Logs/AssetImportWorker0.log
-srvPort
58687
Successfully changed project path to: C:/Repos/GPA4300/GPA4300_S2
C:/Repos/GPA4300/GPA4300_S2
Using Asset Import Pipeline V2.
Refreshing native plugins compatible for Editor in 36.28 ms, found 1 plugins.
Preloading 0 native plugins for Editor in 0.00 ms.
Initialize engine version: 2020.3.3f1 (76626098c1c4)
[Subsystems] Discovering subsystems at path C:/Program Files/Unity/Hub/Editor/2020.3.3f1/Editor/Data/Resources/UnitySubsystems
[Subsystems] Discovering subsystems at path C:/Repos/GPA4300/GPA4300_S2/Assets
GfxDevice: creating device client; threaded=0
Direct3D:
    Version:  Direct3D 11.0 [level 11.1]
    Renderer: NVIDIA GeForce GTX 1660 Ti (ID=0x2191)
    Vendor:   
    VRAM:     5991 MB
    Driver:   27.21.14.5763
Initialize mono
Mono path[0] = 'C:/Program Files/Unity/Hub/Editor/2020.3.3f1/Editor/Data/Managed'
Mono path[1] = 'C:/Program Files/Unity/Hub/Editor/2020.3.3f1/Editor/Data/MonoBleedingEdge/lib/mono/unityjit'
Mono config path = 'C:/Program Files/Unity/Hub/Editor/2020.3.3f1/Editor/Data/MonoBleedingEdge/etc'
Using monoOptions --debugger-agent=transport=dt_socket,embedding=1,server=y,suspend=n,address=127.0.0.1:56172
Begin MonoManager ReloadAssembly
Registering precompiled unity dll's ...
Register platform support module: C:/Program Files/Unity/Hub/Editor/2020.3.3f1/Editor/Data/PlaybackEngines/WindowsStandaloneSupport/UnityEditor.WindowsStandalone.Extensions.dll
Registered in 0.001846 seconds.
Native extension for WindowsStandalone target not found
Refreshing native plugins compatible for Editor in 43.75 ms, found 1 plugins.
Preloading 0 native plugins for Editor in 0.00 ms.
Invoked RoslynAnalysisRunner static constructor.
RoslynAnalysisRunner will not be running.
RoslynAnalysisRunner has terminated.
Mono: successfully reloaded assembly
- Completed reload, in  1.837 seconds
Platform modules already initialized, skipping
Registering precompiled user dll's ...
Registered in 0.000858 seconds.
Begin MonoManager ReloadAssembly
Native extension for WindowsStandalone target not found
Refreshing native plugins compatible for Editor in 45.86 ms, found 1 plugins.
Preloading 0 native plugins for Editor in 0.00 ms.
Invoked RoslynAnalysisRunner static constructor.
RoslynAnalysisRunner will not be running.
RoslynAnalysisRunner has terminated.
Mono: successfully reloaded assembly
- Completed reload, in  0.975 seconds
Platform modules already initialized, skipping
========================================================================
Worker process is ready to serve import requests
Launched and connected shader compiler UnityShaderCompiler.exe after 0.04 seconds
Refreshing native plugins compatible for Editor in 0.44 ms, found 1 plugins.
Preloading 0 native plugins for Editor in 0.00 ms.
Unloading 2251 Unused Serialized files (Serialized files now loaded: 0)
System memory in use before: 100.3 MB.
System memory in use after: 100.3 MB.

Unloading 27 unused Assets to reduce memory usage. Loaded Objects now: 2695.
Total: 2.458700 ms (FindLiveObjects: 0.395000 ms CreateObjectMapping: 0.191900 ms MarkObjects: 1.757500 ms  DeleteObjects: 0.113200 ms)

========================================================================
Received Import Request.
  path: Assets
  artifactKey: Guid(00000000000000001000000000000000) Importer(815301076,1909f56bfc062723c751e8b465ee728b)
Start importing Assets using Guid(00000000000000001000000000000000) Importer(815301076,1909f56bfc062723c751e8b465ee728b)  -> (artifact id: 'b2e0e235c0f4af3754229b664788db90') in 0.009089 seconds
  Import took 0.012227 seconds .

========================================================================
Received Import Request.
  Time since last request: 0.638872 seconds.
  path: Assets/Sprites
  artifactKey: Guid(62a770487a86c8144b0d81d95277f400) Importer(815301076,1909f56bfc062723c751e8b465ee728b)
Start importing Assets/Sprites using Guid(62a770487a86c8144b0d81d95277f400) Importer(815301076,1909f56bfc062723c751e8b465ee728b)  -> (artifact id: 'c769d83afcd17bdfaa2cee2e950d8f88') in 0.006587 seconds
  Import took 0.009976 seconds .

========================================================================
Received Import Request.
  Time since last request: 6.188102 seconds.
  path: Assets/Scripts
  artifactKey: Guid(24a1ff6f9706858439fed3a78a4c8439) Importer(815301076,1909f56bfc062723c751e8b465ee728b)
Start importing Assets/Scripts using Guid(24a1ff6f9706858439fed3a78a4c8439) Importer(815301076,1909f56bfc062723c751e8b465ee728b)  -> (artifact id: 'bfd7220840f83ffd1617970808ac9e82') in 0.005976 seconds
  Import took 0.010209 seconds .

========================================================================
Received Import Request.
  Time since last request: 17.806151 seconds.
  path: Assets/Materials
  artifactKey: Guid(79820c2994c0d6b43947bdb30f0342ec) Importer(815301076,1909f56bfc062723c751e8b465ee728b)
Start importing Assets/Materials using Guid(79820c2994c0d6b43947bdb30f0342ec) Importer(815301076,1909f56bfc062723c751e8b465ee728b)  -> (artifact id: 'ef12550a3d3c31b41baf11428a0c8e2a') in 0.007302 seconds
  Import took 0.011706 seconds .

========================================================================
Received Import Request.
  Time since last request: 19.917438 seconds.
  path: Assets/Sounds
  artifactKey: Guid(2c990c462e4732643a128bfd4648f1bb) Importer(815301076,1909f56bfc062723c751e8b465ee728b)
Start importing Assets/Sounds using Guid(2c990c462e4732643a128bfd4648f1bb) Importer(815301076,1909f56bfc062723c751e8b465ee728b)  -> (artifact id: 'a3201b15e39119d21dc92245c22e9b26') in 0.006769 seconds
  Import took 0.010193 seconds .

========================================================================
Received Import Request.
  Time since last request: 11.184116 seconds.
  path: Assets/Sprites/industrial.v2.png
  artifactKey: Guid(d6cb6fa88b58f9c4dbbc9dbf69bda0ca) Importer(815301076,1909f56bfc062723c751e8b465ee728b)
Start importing Assets/Sprites/industrial.v2.png using Guid(d6cb6fa88b58f9c4dbbc9dbf69bda0ca) Importer(815301076,1909f56bfc062723c751e8b465ee728b)  -> (artifact id: '0e0a3e10d59adb7681b92c15cce0b987') in 0.136870 seconds
  Import took 0.140466 seconds .

========================================================================
Received Import Request.
  Time since last request: 10.035732 seconds.
  path: Assets/Prefabs
  artifactKey: Guid(6a0057158ebbaa04b9f48c2993aaf63f) Importer(815301076,1909f56bfc062723c751e8b465ee728b)
Start importing Assets/Prefabs using Guid(6a0057158ebbaa04b9f48c2993aaf63f) Importer(815301076,1909f56bfc062723c751e8b465ee728b)  -> (artifact id: '3e754c56be75d417cbbb09e024fd3f32') in 0.007441 seconds
  Import took 0.010582 seconds .

========================================================================
Received Import Request.
  Time since last request: 14.477328 seconds.
  path: Assets/Sprites/industrial.v2.png
  artifactKey: Guid(d6cb6fa88b58f9c4dbbc9dbf69bda0ca) Importer(815301076,1909f56bfc062723c751e8b465ee728b)
Start importing Assets/Sprites/industrial.v2.png using Guid(d6cb6fa88b58f9c4dbbc9dbf69bda0ca) Importer(815301076,1909f56bfc062723c751e8b465ee728b)  -> (artifact id: '9ff417536a9a8e208100083f9677135d') in 0.023254 seconds
  Import took 0.026721 seconds .

========================================================================
Received Import Request.
  Time since last request: 10.403445 seconds.
  path: Assets/Sprites/industrial.v2.png
  artifactKey: Guid(d6cb6fa88b58f9c4dbbc9dbf69bda0ca) Importer(815301076,1909f56bfc062723c751e8b465ee728b)
Start importing Assets/Sprites/industrial.v2.png using Guid(d6cb6fa88b58f9c4dbbc9dbf69bda0ca) Importer(815301076,1909f56bfc062723c751e8b465ee728b)  -> (artifact id: '09c0bec99c16aee747a68ec9191303fe') in 0.459502 seconds
  Import took 0.465758 seconds .

========================================================================
Received Import Request.
  Time since last request: 14.909052 seconds.
  path: Assets/Animations
  artifactKey: Guid(9a27a187e98e4084ebf6471394bb78be) Importer(815301076,1909f56bfc062723c751e8b465ee728b)
Start importing Assets/Animations using Guid(9a27a187e98e4084ebf6471394bb78be) Importer(815301076,1909f56bfc062723c751e8b465ee728b)  -> (artifact id: 'b4842ec7ae98fa35d805943ac53221d3') in 0.007059 seconds
  Import took 0.010511 seconds .

========================================================================
Received Import Request.
  Time since last request: 7.098356 seconds.
  path: Assets/Scenes
  artifactKey: Guid(586a93362fb13d94c8955dd43da07bd1) Importer(815301076,1909f56bfc062723c751e8b465ee728b)
Start importing Assets/Scenes using Guid(586a93362fb13d94c8955dd43da07bd1) Importer(815301076,1909f56bfc062723c751e8b465ee728b)  -> (artifact id: '3b506630503fbe840fd35a3e19f1f89b') in 0.008021 seconds
  Import took 0.011712 seconds .

========================================================================
Received Import Request.
  Time since last request: 0.000291 seconds.
  path: Assets/Scenes
  artifactKey: Guid(586a93362fb13d94c8955dd43da07bd1) Importer(815301076,1909f56bfc062723c751e8b465ee728b)
Start importing Assets/Scenes using Guid(586a93362fb13d94c8955dd43da07bd1) Importer(815301076,1909f56bfc062723c751e8b465ee728b)  -> (artifact id: '3b506630503fbe840fd35a3e19f1f89b') in 0.002393 seconds
  Import took 0.006080 seconds .

========================================================================
Received Import Request.
  Time since last request: 13.378548 seconds.
  path: Assets/Scenes/Leon Test Scene.unity
  artifactKey: Guid(6c1286166e8973c4abf84653a419dae9) Importer(815301076,1909f56bfc062723c751e8b465ee728b)
Start importing Assets/Scenes/Leon Test Scene.unity using Guid(6c1286166e8973c4abf84653a419dae9) Importer(815301076,1909f56bfc062723c751e8b465ee728b)  -> (artifact id: '9cd05f9574ac2707b94cb722453c26d0') in 0.007680 seconds
  Import took 0.011118 seconds .

========================================================================
Received Import Request.
  Time since last request: 37.050120 seconds.
  path: Assets/Scenes/Dominik Test Scene.unity
  artifactKey: Guid(09fa79df40be4c94086998c303b68bf5) Importer(815301076,1909f56bfc062723c751e8b465ee728b)
Start importing Assets/Scenes/Dominik Test Scene.unity using Guid(09fa79df40be4c94086998c303b68bf5) Importer(815301076,1909f56bfc062723c751e8b465ee728b)  -> (artifact id: '3bb091657e22063d40cbfd4b289d003c') in 0.007604 seconds
  Import took 0.010994 seconds .

========================================================================
Received Import Request.
  Time since last request: 13.968296 seconds.
  path: Assets/Scenes/David Test Scene.unity
  artifactKey: Guid(bbfe7f6640cf93446983990a2d215042) Importer(815301076,1909f56bfc062723c751e8b465ee728b)
Start importing Assets/Scenes/David Test Scene.unity using Guid(bbfe7f6640cf93446983990a2d215042) Importer(815301076,1909f56bfc062723c751e8b465ee728b)  -> (artifact id: 'db357ca2cead3d8034fdc1678a9e031f') in 0.006038 seconds
  Import took 0.009484 seconds .

AssetImportWorkerClient::OnTransportError - code=2 error=End of file
